TN:
SF:__test__\index.js
FN:4,imageBuffer
FNF:1
FNH:1
FNDA:7,imageBuffer
DA:1,3
DA:2,3
DA:3,3
DA:4,3
DA:5,7
DA:6,7
DA:7,7
LF:7
LH:7
BRDA:1,0,0,3
BRDA:4,1,0,7
BRF:2
BRH:2
end_of_record
TN:
SF:src\core\core.ts
FN:6,Core
FN:16,loadFile
FN:23,loadUrl
FNF:3
FNH:2
FNDA:28,Core
FNDA:7,loadFile
FNDA:0,loadUrl
DA:1,1
DA:2,1
DA:3,1
DA:4,1
DA:5,1
DA:6,1
DA:7,1
DA:8,1
DA:9,1
DA:10,1
DA:11,1
DA:12,1
DA:13,1
DA:14,1
DA:15,1
DA:16,1
DA:17,7
DA:18,7
DA:19,1
DA:20,1
DA:21,1
DA:22,1
DA:23,1
DA:24,0
DA:25,0
DA:26,0
DA:27,0
DA:28,0
DA:29,0
DA:30,1
LF:30
LH:24
BRDA:6,0,0,28
BRDA:16,1,0,7
BRF:2
BRH:2
end_of_record
TN:
SF:src\core\csv.ts
FN:9,CSV
FN:14,getCsvs
FN:18,setCsvs
FN:26,appendCsvs
FN:31,extendCsvs
FN:37,clone
FN:41,check
FN:47,metadata
FN:60,parse
FN:64,transform
FN:74,custom
FN:78,filter
FN:82,fromFile
FN:87,fromUrl
FN:92,generate
FN:101,parse
FN:113,transform
FN:126,stringify
FNF:18
FNH:10
FNDA:4,CSV
FNDA:0,getCsvs
FNDA:0,setCsvs
FNDA:0,appendCsvs
FNDA:0,extendCsvs
FNDA:0,clone
FNDA:1,check
FNDA:0,metadata
FNDA:2,parse
FNDA:1,transform
FNDA:1,custom
FNDA:1,filter
FNDA:0,fromFile
FNDA:0,fromUrl
FNDA:1,generate
FNDA:4,parse
FNDA:3,transform
FNDA:2,stringify
DA:1,1
DA:2,1
DA:3,1
DA:4,1
DA:5,1
DA:6,1
DA:7,1
DA:8,1
DA:9,1
DA:10,4
DA:11,4
DA:12,4
DA:13,1
DA:14,1
DA:15,0
DA:16,0
DA:17,1
DA:18,1
DA:19,0
DA:20,0
DA:21,0
DA:22,0
DA:23,0
DA:24,0
DA:25,1
DA:26,1
DA:27,0
DA:28,0
DA:29,0
DA:30,1
DA:31,1
DA:32,0
DA:33,0
DA:34,0
DA:35,0
DA:36,1
DA:37,1
DA:38,0
DA:39,0
DA:40,1
DA:41,1
DA:42,1
DA:43,1
DA:44,1
DA:45,1
DA:46,1
DA:47,1
DA:48,0
DA:49,0
DA:50,0
DA:51,0
DA:52,0
DA:53,0
DA:54,0
DA:55,0
DA:56,0
DA:57,0
DA:58,0
DA:59,1
DA:60,1
DA:61,2
DA:62,2
DA:63,1
DA:64,1
DA:65,1
DA:66,1
DA:67,1
DA:68,1
DA:69,1
DA:70,1
DA:71,1
DA:72,1
DA:73,1
DA:74,1
DA:75,1
DA:76,1
DA:77,1
DA:78,1
DA:79,1
DA:80,1
DA:81,1
DA:82,1
DA:83,0
DA:84,0
DA:85,0
DA:86,1
DA:87,1
DA:88,0
DA:89,0
DA:90,0
DA:91,1
DA:92,1
DA:93,1
DA:94,1
DA:95,1
DA:96,1
DA:97,1
DA:98,1
DA:99,1
DA:100,1
DA:101,1
DA:102,4
DA:103,4
DA:104,4
DA:105,4
DA:106,4
DA:107,4
DA:108,4
DA:109,4
DA:110,4
DA:111,4
DA:112,1
DA:113,1
DA:114,3
DA:115,3
DA:116,3
DA:117,3
DA:118,3
DA:119,3
DA:120,3
DA:121,3
DA:122,3
DA:123,3
DA:124,3
DA:125,1
DA:126,1
DA:127,2
DA:128,2
DA:129,2
DA:130,2
DA:131,2
DA:132,2
DA:133,2
DA:134,2
DA:135,2
DA:136,2
DA:137,1
LF:137
LH:103
BRDA:9,0,0,4
BRDA:41,1,0,1
BRDA:60,2,0,2
BRDA:61,3,0,2
BRDA:64,4,0,1
BRDA:70,5,0,1
BRDA:74,6,0,1
BRDA:75,7,0,1
BRDA:78,8,0,1
BRDA:92,9,0,1
BRDA:92,10,0,1
BRDA:93,11,0,1
BRDA:94,12,0,1
BRDA:95,13,0,0
BRDA:101,14,0,4
BRDA:102,15,0,4
BRDA:105,16,0,4
BRDA:106,17,0,4
BRDA:107,18,0,0
BRDA:113,19,0,3
BRDA:114,20,0,3
BRDA:118,21,0,3
BRDA:119,22,0,3
BRDA:120,23,0,0
BRDA:126,24,0,2
BRDA:127,25,0,2
BRDA:130,26,0,2
BRDA:131,27,0,2
BRDA:132,28,0,0
BRF:29
BRH:25
end_of_record
TN:
SF:src\core\image.ts
FN:13,Image
FN:18,getImages
FN:22,setImages
FN:32,appendImages
FN:37,extendImages
FN:43,clone
FN:47,check
FN:53,metadata
FN:62,convert
FN:75,custom
FN:81,filter
FN:85,fromFile
FN:90,fromUrl
FN:98,newSharp
FNF:14
FNH:12
FNDA:10,Image
FNDA:5,getImages
FNDA:1,setImages
FNDA:1,appendImages
FNDA:1,extendImages
FNDA:1,clone
FNDA:2,check
FNDA:2,metadata
FNDA:2,convert
FNDA:1,custom
FNDA:3,filter
FNDA:0,fromFile
FNDA:0,fromUrl
FNDA:5,newSharp
DA:1,1
DA:2,1
DA:3,1
DA:4,1
DA:5,1
DA:6,1
DA:7,1
DA:8,1
DA:9,1
DA:10,1
DA:11,1
DA:12,1
DA:13,1
DA:14,10
DA:15,10
DA:16,10
DA:17,1
DA:18,1
DA:19,5
DA:20,5
DA:21,1
DA:22,1
DA:23,1
DA:24,1
DA:25,1
DA:26,1
DA:27,2
DA:28,1
DA:29,1
DA:30,1
DA:31,1
DA:32,1
DA:33,1
DA:34,1
DA:35,1
DA:36,1
DA:37,1
DA:38,1
DA:39,1
DA:40,1
DA:41,1
DA:42,1
DA:43,1
DA:44,1
DA:45,1
DA:46,1
DA:47,1
DA:48,2
DA:49,2
DA:50,2
DA:51,2
DA:52,1
DA:53,1
DA:54,2
DA:55,2
DA:56,2
DA:57,2
DA:58,1
DA:59,1
DA:60,1
DA:61,1
DA:62,1
DA:63,2
DA:64,2
DA:65,2
DA:66,2
DA:67,2
DA:68,2
DA:69,2
DA:70,2
DA:71,1
DA:72,1
DA:73,1
DA:74,1
DA:75,1
DA:76,1
DA:77,1
DA:78,1
DA:79,1
DA:80,1
DA:81,1
DA:82,3
DA:83,3
DA:84,1
DA:85,1
DA:86,0
DA:87,0
DA:88,0
DA:89,1
DA:90,1
DA:91,0
DA:92,0
DA:93,0
DA:94,1
DA:95,1
DA:96,1
DA:97,1
DA:98,1
DA:99,5
DA:100,5
DA:101,5
DA:102,5
DA:103,5
DA:104,1
LF:104
LH:98
BRDA:13,0,0,10
BRDA:18,1,0,5
BRDA:22,2,0,1
BRDA:24,3,0,2
BRDA:26,4,0,2
BRDA:32,5,0,1
BRDA:37,6,0,1
BRDA:38,7,0,1
BRDA:43,8,0,1
BRDA:47,9,0,2
BRDA:50,10,0,1
BRDA:53,11,0,2
BRDA:55,12,0,2
BRDA:62,13,0,2
BRDA:64,14,0,2
BRDA:75,15,0,1
BRDA:77,16,0,1
BRDA:81,17,0,3
BRDA:98,18,0,5
BRF:19
BRH:19
end_of_record
TN:
SF:src\core\pdf.ts
FN:15,PDF
FN:20,getPdfs
FN:24,setPdfs
FN:32,appendPdfs
FN:37,extendPdfs
FN:43,clone
FN:47,check
FN:53,getDocuments
FN:57,metadata
FN:73,getPages
FN:78,getForm
FN:83,custom
FN:93,fromFile
FN:98,fromUrl
FN:143,filter
FN:155,save
FN:174,toBuffer
FN:182,load
FN:189,create
FN:193,document
FNF:20
FNH:14
FNDA:7,PDF
FNDA:0,getPdfs
FNDA:0,setPdfs
FNDA:0,appendPdfs
FNDA:0,extendPdfs
FNDA:0,clone
FNDA:2,check
FNDA:4,getDocuments
FNDA:1,metadata
FNDA:1,getPages
FNDA:1,getForm
FNDA:1,custom
FNDA:7,fromFile
FNDA:0,fromUrl
FNDA:2,filter
FNDA:1,save
FNDA:1,toBuffer
FNDA:5,load
FNDA:1,create
FNDA:1,document
DA:1,1
DA:2,1
DA:3,1
DA:4,1
DA:5,1
DA:6,1
DA:7,1
DA:8,1
DA:9,1
DA:10,1
DA:11,1
DA:12,1
DA:13,1
DA:14,1
DA:15,1
DA:16,7
DA:17,7
DA:18,7
DA:19,1
DA:20,1
DA:21,0
DA:22,0
DA:23,1
DA:24,1
DA:25,0
DA:26,0
DA:27,0
DA:28,0
DA:29,0
DA:30,0
DA:31,1
DA:32,1
DA:33,0
DA:34,0
DA:35,0
DA:36,1
DA:37,1
DA:38,0
DA:39,0
DA:40,0
DA:41,0
DA:42,1
DA:43,1
DA:44,0
DA:45,0
DA:46,1
DA:47,1
DA:48,2
DA:49,2
DA:50,2
DA:51,2
DA:52,1
DA:53,1
DA:54,4
DA:55,4
DA:56,1
DA:57,1
DA:58,1
DA:59,1
DA:60,1
DA:61,1
DA:62,1
DA:63,1
DA:64,1
DA:65,1
DA:66,1
DA:67,1
DA:68,1
DA:69,1
DA:70,1
DA:71,1
DA:72,1
DA:73,1
DA:74,1
DA:75,1
DA:76,1
DA:77,1
DA:78,1
DA:79,1
DA:80,1
DA:81,1
DA:82,1
DA:83,1
DA:84,1
DA:85,1
DA:86,1
DA:87,1
DA:88,1
DA:89,1
DA:90,1
DA:91,1
DA:92,1
DA:93,1
DA:94,7
DA:95,6
DA:96,6
DA:97,1
DA:98,1
DA:99,0
DA:100,0
DA:101,0
DA:102,1
DA:103,1
DA:104,1
DA:105,1
DA:106,1
DA:107,1
DA:108,1
DA:109,1
DA:110,1
DA:111,1
DA:112,1
DA:113,1
DA:114,1
DA:115,1
DA:116,1
DA:117,1
DA:118,1
DA:119,1
DA:120,1
DA:121,1
DA:122,1
DA:123,1
DA:124,1
DA:125,1
DA:126,1
DA:127,1
DA:128,1
DA:129,1
DA:130,1
DA:131,1
DA:132,1
DA:133,1
DA:134,1
DA:135,1
DA:136,1
DA:137,1
DA:138,1
DA:139,1
DA:140,1
DA:141,1
DA:142,1
DA:143,1
DA:144,2
DA:145,2
DA:146,1
DA:147,1
DA:148,1
DA:149,1
DA:150,1
DA:151,1
DA:152,1
DA:153,1
DA:154,1
DA:155,1
DA:156,1
DA:157,1
DA:158,1
DA:159,1
DA:160,0
DA:161,0
DA:162,1
DA:163,1
DA:164,1
DA:165,1
DA:166,1
DA:167,1
DA:168,1
DA:169,1
DA:170,1
DA:171,1
DA:172,1
DA:173,1
DA:174,1
DA:175,1
DA:176,1
DA:177,1
DA:178,1
DA:179,0
DA:180,0
DA:181,1
DA:182,1
DA:183,5
DA:184,5
DA:185,5
DA:186,5
DA:187,5
DA:188,1
DA:189,1
DA:190,1
DA:191,1
DA:192,1
DA:193,1
DA:194,1
DA:195,1
DA:196,1
LF:196
LH:172
BRDA:15,0,0,7
BRDA:47,1,0,2
BRDA:50,2,0,1
BRDA:53,3,0,4
BRDA:54,4,0,4
BRDA:57,5,0,1
BRDA:59,6,0,1
BRDA:73,7,0,1
BRDA:75,8,0,1
BRDA:78,9,0,1
BRDA:80,10,0,1
BRDA:83,11,0,1
BRDA:89,12,0,1
BRDA:93,13,0,7
BRDA:95,14,0,6
BRDA:143,15,0,2
BRDA:155,16,0,1
BRDA:160,17,0,0
BRDA:174,18,0,1
BRDA:179,19,0,0
BRDA:182,20,0,5
BRDA:189,21,0,1
BRDA:193,22,0,1
BRF:23
BRH:21
end_of_record
TN:
SF:src\core\text.ts
FN:27,Text
FN:32,getTexts
FN:36,setTexts
FN:46,appendTexts
FN:51,extendTexts
FN:57,clone
FN:61,check
FN:67,metadata
FN:75,compress
FN:97,decompress
FN:119,custom
FN:123,filter
FN:127,fromFile
FN:132,fromUrl
FN:137,gzipAsync
FN:146,deflateAsync
FN:155,deflateRawAsync
FN:164,brotliCompressAsync
FN:176,gunzipAsync
FN:185,inflateAsync
FN:194,inflateRawAsync
FN:203,brotliDecompressAsync
FNF:22
FNH:14
FNDA:7,Text
FNDA:0,getTexts
FNDA:0,setTexts
FNDA:0,appendTexts
FNDA:0,extendTexts
FNDA:0,clone
FNDA:1,check
FNDA:0,metadata
FNDA:5,compress
FNDA:5,decompress
FNDA:1,custom
FNDA:1,filter
FNDA:0,fromFile
FNDA:0,fromUrl
FNDA:1,gzipAsync
FNDA:1,deflateAsync
FNDA:1,deflateRawAsync
FNDA:1,brotliCompressAsync
FNDA:1,gunzipAsync
FNDA:1,inflateAsync
FNDA:1,inflateRawAsync
FNDA:1,brotliDecompressAsync
DA:1,1
DA:2,1
DA:3,1
DA:4,1
DA:5,1
DA:6,1
DA:7,1
DA:8,1
DA:9,1
DA:10,1
DA:11,1
DA:12,1
DA:13,1
DA:14,1
DA:15,1
DA:16,1
DA:17,1
DA:18,1
DA:19,1
DA:20,1
DA:21,1
DA:22,1
DA:23,1
DA:24,1
DA:25,1
DA:26,1
DA:27,1
DA:28,7
DA:29,7
DA:30,7
DA:31,1
DA:32,1
DA:33,0
DA:34,0
DA:35,1
DA:36,1
DA:37,0
DA:38,0
DA:39,0
DA:40,0
DA:41,0
DA:42,0
DA:43,0
DA:44,0
DA:45,1
DA:46,1
DA:47,0
DA:48,0
DA:49,0
DA:50,1
DA:51,1
DA:52,0
DA:53,0
DA:54,0
DA:55,0
DA:56,1
DA:57,1
DA:58,0
DA:59,0
DA:60,1
DA:61,1
DA:62,1
DA:63,1
DA:64,1
DA:65,1
DA:66,1
DA:67,1
DA:68,0
DA:69,0
DA:70,0
DA:71,0
DA:72,0
DA:73,0
DA:74,1
DA:75,1
DA:76,5
DA:77,5
DA:78,5
DA:79,5
DA:80,5
DA:81,5
DA:82,5
DA:83,1
DA:84,5
DA:85,1
DA:86,5
DA:87,1
DA:88,5
DA:89,1
DA:90,5
DA:91,1
DA:92,5
DA:93,5
DA:94,5
DA:95,5
DA:96,1
DA:97,1
DA:98,5
DA:99,5
DA:100,5
DA:101,5
DA:102,5
DA:103,5
DA:104,5
DA:105,1
DA:106,5
DA:107,1
DA:108,5
DA:109,1
DA:110,5
DA:111,1
DA:112,5
DA:113,1
DA:114,5
DA:115,5
DA:116,5
DA:117,5
DA:118,1
DA:119,1
DA:120,1
DA:121,1
DA:122,1
DA:123,1
DA:124,1
DA:125,1
DA:126,1
DA:127,1
DA:128,0
DA:129,0
DA:130,0
DA:131,1
DA:132,1
DA:133,0
DA:134,0
DA:135,0
DA:136,1
DA:137,1
DA:138,1
DA:139,1
DA:140,1
DA:141,1
DA:142,1
DA:143,1
DA:144,1
DA:145,1
DA:146,1
DA:147,1
DA:148,1
DA:149,1
DA:150,1
DA:151,1
DA:152,1
DA:153,1
DA:154,1
DA:155,1
DA:156,1
DA:157,1
DA:158,1
DA:159,1
DA:160,1
DA:161,1
DA:162,1
DA:163,1
DA:164,1
DA:165,1
DA:166,1
DA:167,1
DA:168,1
DA:169,1
DA:170,1
DA:171,1
DA:172,1
DA:173,1
DA:174,1
DA:175,1
DA:176,1
DA:177,1
DA:178,1
DA:179,1
DA:180,1
DA:181,1
DA:182,1
DA:183,1
DA:184,1
DA:185,1
DA:186,1
DA:187,1
DA:188,1
DA:189,1
DA:190,1
DA:191,1
DA:192,1
DA:193,1
DA:194,1
DA:195,1
DA:196,1
DA:197,1
DA:198,1
DA:199,1
DA:200,1
DA:201,1
DA:202,1
DA:203,1
DA:204,1
DA:205,1
DA:206,1
DA:207,1
DA:208,1
DA:209,1
DA:210,1
DA:211,1
DA:212,1
DA:213,1
DA:214,1
LF:214
LH:183
BRDA:27,0,0,7
BRDA:61,1,0,1
BRDA:75,2,0,5
BRDA:80,3,0,5
BRDA:82,4,0,1
BRDA:84,5,0,1
BRDA:86,6,0,1
BRDA:88,7,0,1
BRDA:90,8,0,1
BRDA:97,9,0,5
BRDA:102,10,0,5
BRDA:104,11,0,1
BRDA:106,12,0,1
BRDA:108,13,0,1
BRDA:110,14,0,1
BRDA:112,15,0,1
BRDA:119,16,0,1
BRDA:123,17,0,1
BRDA:137,18,0,1
BRDA:137,19,0,1
BRDA:138,20,0,1
BRDA:139,21,0,1
BRDA:140,22,0,0
BRDA:146,23,0,1
BRDA:146,24,0,1
BRDA:147,25,0,1
BRDA:148,26,0,1
BRDA:149,27,0,0
BRDA:155,28,0,1
BRDA:155,29,0,1
BRDA:156,30,0,1
BRDA:157,31,0,1
BRDA:158,32,0,0
BRDA:164,33,0,1
BRDA:165,34,0,1
BRDA:168,35,0,1
BRDA:169,36,0,1
BRDA:170,37,0,0
BRDA:176,38,0,1
BRDA:176,39,0,1
BRDA:177,40,0,1
BRDA:178,41,0,1
BRDA:179,42,0,0
BRDA:185,43,0,1
BRDA:185,44,0,1
BRDA:186,45,0,1
BRDA:187,46,0,1
BRDA:188,47,0,0
BRDA:194,48,0,1
BRDA:194,49,0,1
BRDA:195,50,0,1
BRDA:196,51,0,1
BRDA:197,52,0,0
BRDA:203,53,0,1
BRDA:204,54,0,1
BRDA:207,55,0,1
BRDA:208,56,0,1
BRDA:209,57,0,0
BRF:58
BRH:50
end_of_record
TN:
SF:src\helper\filter.ts
FN:12,FilterFile
FN:16,application
FN:21,audio
FN:26,font
FN:31,image
FN:36,model
FN:41,text
FN:46,video
FN:55,custom
FN:65,filter
FNF:10
FNH:5
FNDA:7,FilterFile
FNDA:0,application
FNDA:0,audio
FNDA:0,font
FNDA:3,image
FNDA:0,model
FNDA:1,text
FNDA:0,video
FNDA:3,custom
FNDA:5,filter
DA:1,1
DA:2,1
DA:3,1
DA:4,1
DA:5,1
DA:6,1
DA:7,1
DA:8,1
DA:9,1
DA:10,1
DA:11,1
DA:12,1
DA:13,7
DA:14,7
DA:15,1
DA:16,1
DA:17,0
DA:18,0
DA:19,0
DA:20,1
DA:21,1
DA:22,0
DA:23,0
DA:24,0
DA:25,1
DA:26,1
DA:27,0
DA:28,0
DA:29,0
DA:30,1
DA:31,1
DA:32,3
DA:33,3
DA:34,3
DA:35,1
DA:36,1
DA:37,0
DA:38,0
DA:39,0
DA:40,1
DA:41,1
DA:42,1
DA:43,1
DA:44,1
DA:45,1
DA:46,1
DA:47,0
DA:48,0
DA:49,0
DA:50,1
DA:51,1
DA:52,1
DA:53,1
DA:54,1
DA:55,1
DA:56,3
DA:57,3
DA:58,3
DA:59,3
DA:60,3
DA:61,3
DA:62,3
DA:63,3
DA:64,1
DA:65,1
DA:66,5
DA:67,5
DA:68,5
DA:69,5
DA:70,5
DA:71,5
DA:72,5
DA:73,5
DA:74,5
DA:75,5
DA:76,5
DA:77,5
DA:78,5
DA:79,5
DA:80,5
DA:81,5
DA:82,5
DA:83,5
DA:84,5
DA:85,5
DA:86,5
DA:87,5
DA:88,5
DA:89,5
DA:90,5
DA:91,5
DA:92,9
DA:93,1
DA:94,1
DA:95,1
DA:96,9
DA:97,1
DA:98,1
DA:99,1
DA:100,8
DA:101,0
DA:102,0
DA:103,0
DA:104,7
DA:105,3
DA:106,3
DA:107,3
DA:108,4
DA:109,0
DA:110,0
DA:111,0
DA:112,4
DA:113,0
DA:114,0
DA:115,0
DA:116,4
DA:117,1
DA:118,1
DA:119,1
DA:120,1
DA:121,9
DA:122,5
DA:123,5
DA:124,5
DA:125,5
DA:126,1
LF:126
LH:102
BRDA:12,0,0,7
BRDA:31,1,0,3
BRDA:41,2,0,1
BRDA:55,3,0,3
BRDA:57,4,0,3
BRDA:61,5,0,3
BRDA:62,6,0,1
BRDA:65,7,0,5
BRDA:67,8,0,9
BRDA:91,9,0,9
BRDA:91,10,0,9
BRDA:92,11,0,1
BRDA:96,12,0,8
BRDA:96,13,0,1
BRDA:100,14,0,7
BRDA:100,15,0,0
BRDA:104,16,0,4
BRDA:104,17,0,3
BRDA:108,18,0,0
BRDA:112,19,0,0
BRDA:116,20,0,1
BRF:21
BRH:18
end_of_record
TN:
SF:src\helper\fn.ts
FN:19,input2buffer
FN:34,isArrayOfBuffer
FN:40,isArrayOfString
FN:46,isStream
FN:53,isReadable
FN:60,isUrl
FNF:6
FNH:1
FNDA:12,input2buffer
FNDA:0,isArrayOfBuffer
FNDA:0,isArrayOfString
FNDA:0,isStream
FNDA:0,isReadable
FNDA:0,isUrl
DA:1,1
DA:2,1
DA:3,1
DA:4,1
DA:5,1
DA:6,1
DA:7,1
DA:8,1
DA:9,1
DA:10,1
DA:11,1
DA:12,1
DA:13,1
DA:14,1
DA:15,1
DA:16,1
DA:17,1
DA:18,1
DA:19,1
DA:20,12
DA:21,0
DA:22,0
DA:23,0
DA:24,0
DA:25,0
DA:26,0
DA:27,0
DA:28,0
DA:29,0
DA:30,0
DA:31,0
DA:32,0
DA:33,1
DA:34,1
DA:35,0
DA:36,0
DA:37,0
DA:38,0
DA:39,1
DA:40,1
DA:41,0
DA:42,0
DA:43,0
DA:44,0
DA:45,1
DA:46,1
DA:47,0
DA:48,0
DA:49,0
DA:50,0
DA:51,0
DA:52,1
DA:53,1
DA:54,0
DA:55,0
DA:56,0
DA:57,0
DA:58,0
DA:59,1
DA:60,1
DA:61,0
DA:62,0
DA:63,0
DA:64,0
DA:65,0
DA:66,0
DA:67,0
DA:68,0
DA:69,0
LF:69
LH:30
BRDA:19,0,0,12
BRDA:19,1,0,12
BRDA:21,2,0,0
BRF:3
BRH:2
end_of_record
TN:
SF:src\helper\index.ts
FNF:0
FNH:0
DA:1,1
DA:2,1
DA:3,1
DA:4,1
DA:5,1
DA:6,1
LF:6
LH:6
BRF:0
BRH:0
end_of_record
TN:
SF:src\helper\tmp.ts
FN:17,TmpFile
FN:21,createFn
FN:33,create
FN:37,init
FN:43,clean
FN:48,generateFileName
FNF:6
FNH:6
FNDA:1,TmpFile
FNDA:4,createFn
FNDA:1,create
FNDA:1,init
FNDA:1,clean
FNDA:4,generateFileName
DA:1,1
DA:2,1
DA:3,1
DA:4,1
DA:5,1
DA:6,1
DA:7,1
DA:8,1
DA:9,1
DA:10,1
DA:11,1
DA:12,1
DA:13,1
DA:14,1
DA:15,1
DA:16,1
DA:17,1
DA:18,1
DA:19,1
DA:20,1
DA:21,1
DA:22,4
DA:23,4
DA:24,4
DA:25,4
DA:26,4
DA:27,4
DA:28,4
DA:29,4
DA:30,4
DA:31,4
DA:32,1
DA:33,1
DA:34,1
DA:35,1
DA:36,1
DA:37,1
DA:38,1
DA:39,1
DA:40,1
DA:41,1
DA:42,1
DA:43,1
DA:44,1
DA:45,1
DA:46,1
DA:47,1
DA:48,1
DA:49,4
DA:50,4
DA:51,1
LF:51
LH:51
BRDA:17,0,0,1
BRDA:21,1,0,4
BRDA:22,2,0,0
BRDA:22,3,0,0
BRDA:24,4,0,0
BRDA:33,5,0,1
BRDA:37,6,0,1
BRDA:43,7,0,1
BRDA:48,8,0,4
BRF:9
BRH:6
end_of_record
